<?xml version="1.0" encoding="UTF-8"?>
<robot generator="Robot 3.1.1 (Python 3.7.3 on win32)" generated="20190422 12:51:47.244" rpa="false">
<suite id="s1" name="TagTest" source="C:\eclipse-workspace\myrobot\TagTest.robot">
<test id="s1-t1" name="Test1">
<kw name="Log" library="BuiltIn">
<doc>Logs the given message with the given level.</doc>
<arguments>
<arg>In Test1</arg>
</arguments>
<msg timestamp="20190422 12:51:47.293" level="INFO">In Test1</msg>
<status status="PASS" starttime="20190422 12:51:47.293" endtime="20190422 12:51:47.293"></status>
</kw>
<tags>
<tag>smoke</tag>
</tags>
<status status="PASS" starttime="20190422 12:51:47.292" endtime="20190422 12:51:47.294" critical="yes"></status>
</test>
<status status="PASS" starttime="20190422 12:51:47.246" endtime="20190422 12:51:47.296"></status>
</suite>
<statistics>
<total>
<stat pass="1" fail="0">Critical Tests</stat>
<stat pass="1" fail="0">All Tests</stat>
</total>
<tag>
<stat pass="1" fail="0">smoke</stat>
</tag>
<suite>
<stat pass="1" fail="0" id="s1" name="TagTest">TagTest</stat>
</suite>
</statistics>
<errors>
</errors>
</robot>
